This file contains any messages produced by compilers while
running configure, to aid debugging if configure makes a mistake.

It was created by cmsat configure 2.9.9, which was
generated by GNU Autoconf 2.69.  Invocation command line was

  $ ../configure 

## --------- ##
## Platform. ##
## --------- ##

hostname = ubuntu
uname -m = x86_64
uname -r = 4.8.0-36-generic
uname -s = Linux
uname -v = #36~16.04.1-Ubuntu SMP Sun Feb 5 09:39:57 UTC 2017

/usr/bin/uname -p = unknown
/bin/uname -X     = unknown

/bin/arch              = unknown
/usr/bin/arch -k       = unknown
/usr/convex/getsysinfo = unknown
/usr/bin/hostinfo      = unknown
/bin/machine           = unknown
/usr/bin/oslevel       = unknown
/bin/universe          = unknown

PATH: /home/ruifeng/bin
PATH: /home/ruifeng/.local/bin
PATH: /usr/local/sbin
PATH: /usr/local/bin
PATH: /usr/sbin
PATH: /usr/bin
PATH: /sbin
PATH: /bin
PATH: /usr/games
PATH: /usr/local/games
PATH: /snap/bin


## ----------- ##
## Core tests. ##
## ----------- ##

configure:2613: checking build system type
configure:2627: result: x86_64-unknown-linux-gnu
configure:2647: checking host system type
configure:2660: result: x86_64-unknown-linux-gnu
configure:2701: checking how to print strings
configure:2728: result: printf
configure:2797: checking for gcc
configure:2813: found /usr/bin/gcc
configure:2824: result: gcc
configure:3053: checking for C compiler version
configure:3062: gcc --version >&5
gcc (Ubuntu 5.4.0-6ubuntu1~16.04.4) 5.4.0 20160609
Copyright (C) 2015 Free Software Foundation, Inc.
This is free software; see the source for copying conditions.  There is NO
warranty; not even for MERCHANTABILITY or FITNESS FOR A PARTICULAR PURPOSE.

configure:3073: $? = 0
configure:3062: gcc -v >&5
Using built-in specs.
COLLECT_GCC=gcc
COLLECT_LTO_WRAPPER=/usr/lib/gcc/x86_64-linux-gnu/5/lto-wrapper
Target: x86_64-linux-gnu
Configured with: ../src/configure -v --with-pkgversion='Ubuntu 5.4.0-6ubuntu1~16.04.4' --with-bugurl=file:///usr/share/doc/gcc-5/README.Bugs --enable-languages=c,ada,c++,java,go,d,fortran,objc,obj-c++ --prefix=/usr --program-suffix=-5 --enable-shared --enable-linker-build-id --libexecdir=/usr/lib --without-included-gettext --enable-threads=posix --libdir=/usr/lib --enable-nls --with-sysroot=/ --enable-clocale=gnu --enable-libstdcxx-debug --enable-libstdcxx-time=yes --with-default-libstdcxx-abi=new --enable-gnu-unique-object --disable-vtable-verify --enable-libmpx --enable-plugin --with-system-zlib --disable-browser-plugin --enable-java-awt=gtk --enable-gtk-cairo --with-java-home=/usr/lib/jvm/java-1.5.0-gcj-5-amd64/jre --enable-java-home --with-jvm-root-dir=/usr/lib/jvm/java-1.5.0-gcj-5-amd64 --with-jvm-jar-dir=/usr/lib/jvm-exports/java-1.5.0-gcj-5-amd64 --with-arch-directory=amd64 --with-ecj-jar=/usr/share/java/eclipse-ecj.jar --enable-objc-gc --enable-multiarch --disable-werror --with-arch-32=i686 --with-abi=m64 --with-multilib-list=m32,m64,mx32 --enable-multilib --with-tune=generic --enable-checking=release --build=x86_64-linux-gnu --host=x86_64-linux-gnu --target=x86_64-linux-gnu
Thread model: posix
gcc version 5.4.0 20160609 (Ubuntu 5.4.0-6ubuntu1~16.04.4) 
configure:3073: $? = 0
configure:3062: gcc -V >&5
gcc: error: unrecognized command line option '-V'
gcc: fatal error: no input files
compilation terminated.
configure:3073: $? = 1
configure:3062: gcc -qversion >&5
gcc: error: unrecognized command line option '-qversion'
gcc: fatal error: no input files
compilation terminated.
configure:3073: $? = 1
configure:3093: checking whether the C compiler works
configure:3115: gcc    conftest.c  >&5
configure:3119: $? = 0
configure:3167: result: yes
configure:3170: checking for C compiler default output file name
configure:3172: result: a.out
configure:3178: checking for suffix of executables
configure:3185: gcc -o conftest    conftest.c  >&5
configure:3189: $? = 0
configure:3211: result: 
configure:3233: checking whether we are cross compiling
configure:3241: gcc -o conftest    conftest.c  >&5
configure:3245: $? = 0
configure:3252: ./conftest
configure:3256: $? = 0
configure:3271: result: no
configure:3276: checking for suffix of object files
configure:3298: gcc -c   conftest.c >&5
configure:3302: $? = 0
configure:3323: result: o
configure:3327: checking whether we are using the GNU C compiler
configure:3346: gcc -c   conftest.c >&5
configure:3346: $? = 0
configure:3355: result: yes
configure:3364: checking whether gcc accepts -g
configure:3384: gcc -c -g  conftest.c >&5
configure:3384: $? = 0
configure:3425: result: yes
configure:3442: checking for gcc option to accept ISO C89
configure:3505: gcc  -c -g -O2  conftest.c >&5
configure:3505: $? = 0
configure:3518: result: none needed
configure:3538: checking for a sed that does not truncate output
configure:3602: result: /bin/sed
configure:3620: checking for grep that handles long lines and -e
configure:3678: result: /bin/grep
configure:3683: checking for egrep
configure:3745: result: /bin/grep -E
configure:3750: checking for fgrep
configure:3812: result: /bin/grep -F
configure:3847: checking for ld used by gcc
configure:3914: result: /usr/bin/ld
configure:3921: checking if the linker (/usr/bin/ld) is GNU ld
configure:3936: result: yes
configure:3948: checking for BSD- or MS-compatible name lister (nm)
configure:3997: result: /usr/bin/nm -B
configure:4127: checking the name lister (/usr/bin/nm -B) interface
configure:4134: gcc -c -g -O2  conftest.c >&5
configure:4137: /usr/bin/nm -B "conftest.o"
configure:4140: output
0000000000000000 B some_variable
configure:4147: result: BSD nm
configure:4150: checking whether ln -s works
configure:4154: result: yes
configure:4162: checking the maximum length of command line arguments
configure:4292: result: 1572864
configure:4309: checking whether the shell understands some XSI constructs
configure:4319: result: yes
configure:4323: checking whether the shell understands "+="
configure:4329: result: yes
configure:4364: checking how to convert x86_64-unknown-linux-gnu file names to x86_64-unknown-linux-gnu format
configure:4404: result: func_convert_file_noop
configure:4411: checking how to convert x86_64-unknown-linux-gnu file names to toolchain format
configure:4431: result: func_convert_file_noop
configure:4438: checking for /usr/bin/ld option to reload object files
configure:4445: result: -r
configure:4519: checking for objdump
configure:4535: found /usr/bin/objdump
configure:4546: result: objdump
configure:4578: checking how to recognize dependent libraries
configure:4780: result: pass_all
configure:4865: checking for dlltool
configure:4895: result: no
configure:4925: checking how to associate runtime and link libraries
configure:4952: result: printf %s\n
configure:5013: checking for ar
configure:5029: found /usr/bin/ar
configure:5040: result: ar
configure:5077: checking for archiver @FILE support
configure:5094: gcc -c -g -O2  conftest.c >&5
configure:5094: $? = 0
configure:5097: ar cru libconftest.a @conftest.lst >&5
ar: `u' modifier ignored since `D' is the default (see `U')
configure:5100: $? = 0
configure:5105: ar cru libconftest.a @conftest.lst >&5
ar: `u' modifier ignored since `D' is the default (see `U')
ar: conftest.o: No such file or directory
configure:5108: $? = 1
configure:5120: result: @
configure:5178: checking for strip
configure:5194: found /usr/bin/strip
configure:5205: result: strip
configure:5277: checking for ranlib
configure:5293: found /usr/bin/ranlib
configure:5304: result: ranlib
configure:5381: checking for gawk
configure:5411: result: no
configure:5381: checking for mawk
configure:5397: found /usr/bin/mawk
configure:5408: result: mawk
configure:5448: checking command to parse /usr/bin/nm -B output from gcc object
configure:5568: gcc -c -g -O2  conftest.c >&5
configure:5571: $? = 0
configure:5575: /usr/bin/nm -B conftest.o \| sed -n -e 's/^.*[ ]\([ABCDGIRSTW][ABCDGIRSTW]*\)[ ][ ]*\([_A-Za-z][_A-Za-z0-9]*\)$/\1 \2 \2/p' | sed '/ __gnu_lto/d' \> conftest.nm
configure:5578: $? = 0
configure:5644: gcc -o conftest -g -O2   conftest.c conftstm.o >&5
configure:5647: $? = 0
configure:5685: result: ok
configure:5722: checking for sysroot
configure:5752: result: no
configure:5829: gcc -c -g -O2  conftest.c >&5
configure:5832: $? = 0
configure:6008: checking for mt
configure:6024: found /bin/mt
configure:6035: result: mt
configure:6058: checking if mt is a manifest tool
configure:6064: mt '-?'
configure:6072: result: no
configure:6714: checking how to run the C preprocessor
configure:6745: gcc -E  conftest.c
configure:6745: $? = 0
configure:6759: gcc -E  conftest.c
conftest.c:9:28: fatal error: ac_nonexistent.h: No such file or directory
compilation terminated.
configure:6759: $? = 1
configure: failed program was:
| /* confdefs.h */
| #define PACKAGE_NAME "cmsat"
| #define PACKAGE_TARNAME "cmsat"
| #define PACKAGE_VERSION "2.9.9"
| #define PACKAGE_STRING "cmsat 2.9.9"
| #define PACKAGE_BUGREPORT ""
| #define PACKAGE_URL ""
| /* end confdefs.h.  */
| #include <ac_nonexistent.h>
configure:6784: result: gcc -E
configure:6804: gcc -E  conftest.c
configure:6804: $? = 0
configure:6818: gcc -E  conftest.c
conftest.c:9:28: fatal error: ac_nonexistent.h: No such file or directory
compilation terminated.
configure:6818: $? = 1
configure: failed program was:
| /* confdefs.h */
| #define PACKAGE_NAME "cmsat"
| #define PACKAGE_TARNAME "cmsat"
| #define PACKAGE_VERSION "2.9.9"
| #define PACKAGE_STRING "cmsat 2.9.9"
| #define PACKAGE_BUGREPORT ""
| #define PACKAGE_URL ""
| /* end confdefs.h.  */
| #include <ac_nonexistent.h>
configure:6847: checking for ANSI C header files
configure:6867: gcc -c -g -O2  conftest.c >&5
configure:6867: $? = 0
configure:6940: gcc -o conftest -g -O2   conftest.c  >&5
configure:6940: $? = 0
configure:6940: ./conftest
configure:6940: $? = 0
configure:6951: result: yes
configure:6964: checking for sys/types.h
configure:6964: gcc -c -g -O2  conftest.c >&5
configure:6964: $? = 0
configure:6964: result: yes
configure:6964: checking for sys/stat.h
configure:6964: gcc -c -g -O2  conftest.c >&5
configure:6964: $? = 0
configure:6964: result: yes
configure:6964: checking for stdlib.h
configure:6964: gcc -c -g -O2  conftest.c >&5
configure:6964: $? = 0
configure:6964: result: yes
configure:6964: checking for string.h
configure:6964: gcc -c -g -O2  conftest.c >&5
configure:6964: $? = 0
configure:6964: result: yes
configure:6964: checking for memory.h
configure:6964: gcc -c -g -O2  conftest.c >&5
configure:6964: $? = 0
configure:6964: result: yes
configure:6964: checking for strings.h
configure:6964: gcc -c -g -O2  conftest.c >&5
configure:6964: $? = 0
configure:6964: result: yes
configure:6964: checking for inttypes.h
configure:6964: gcc -c -g -O2  conftest.c >&5
configure:6964: $? = 0
configure:6964: result: yes
configure:6964: checking for stdint.h
configure:6964: gcc -c -g -O2  conftest.c >&5
configure:6964: $? = 0
configure:6964: result: yes
configure:6964: checking for unistd.h
configure:6964: gcc -c -g -O2  conftest.c >&5
configure:6964: $? = 0
configure:6964: result: yes
configure:6978: checking for dlfcn.h
configure:6978: gcc -c -g -O2  conftest.c >&5
configure:6978: $? = 0
configure:6978: result: yes
configure:7184: checking for objdir
configure:7199: result: .libs
configure:7466: checking if gcc supports -fno-rtti -fno-exceptions
configure:7484: gcc -c -g -O2  -fno-rtti -fno-exceptions conftest.c >&5
cc1: warning: command line option '-fno-rtti' is valid for C++/ObjC++ but not for C
configure:7488: $? = 0
configure:7501: result: no
configure:7828: checking for gcc option to produce PIC
configure:7835: result: -fPIC -DPIC
configure:7843: checking if gcc PIC flag -fPIC -DPIC works
configure:7861: gcc -c -g -O2  -fPIC -DPIC -DPIC conftest.c >&5
configure:7865: $? = 0
configure:7878: result: yes
configure:7907: checking if gcc static flag -static works
configure:7935: result: yes
configure:7950: checking if gcc supports -c -o file.o
configure:7971: gcc -c -g -O2  -o out/conftest2.o conftest.c >&5
configure:7975: $? = 0
configure:7997: result: yes
configure:8005: checking if gcc supports -c -o file.o
configure:8052: result: yes
configure:8085: checking whether the gcc linker (/usr/bin/ld -m elf_x86_64) supports shared libraries
configure:9242: result: yes
configure:9279: checking whether -lc should be explicitly linked in
configure:9287: gcc -c -g -O2  conftest.c >&5
configure:9290: $? = 0
configure:9305: gcc -shared  -fPIC -DPIC conftest.o  -v -Wl,-soname -Wl,conftest -o conftest 2\>\&1 \| /bin/grep  -lc  \>/dev/null 2\>\&1
configure:9308: $? = 0
configure:9322: result: no
configure:9482: checking dynamic linker characteristics
configure:9993: gcc -o conftest -g -O2   -Wl,-rpath -Wl,/foo conftest.c  >&5
configure:9993: $? = 0
configure:10227: result: GNU/Linux ld.so
configure:10334: checking how to hardcode library paths into programs
configure:10359: result: immediate
configure:10899: checking whether stripping libraries is possible
configure:10904: result: yes
configure:10939: checking if libtool supports shared libraries
configure:10941: result: yes
configure:10944: checking whether to build shared libraries
configure:10965: result: yes
configure:10968: checking whether to build static libraries
configure:10972: result: yes
configure:11077: checking for g++
configure:11093: found /usr/bin/g++
configure:11104: result: g++
configure:11131: checking for C++ compiler version
configure:11140: g++ --version >&5
g++ (Ubuntu 5.4.0-6ubuntu1~16.04.4) 5.4.0 20160609
Copyright (C) 2015 Free Software Foundation, Inc.
This is free software; see the source for copying conditions.  There is NO
warranty; not even for MERCHANTABILITY or FITNESS FOR A PARTICULAR PURPOSE.

configure:11151: $? = 0
configure:11140: g++ -v >&5
Using built-in specs.
COLLECT_GCC=g++
COLLECT_LTO_WRAPPER=/usr/lib/gcc/x86_64-linux-gnu/5/lto-wrapper
Target: x86_64-linux-gnu
Configured with: ../src/configure -v --with-pkgversion='Ubuntu 5.4.0-6ubuntu1~16.04.4' --with-bugurl=file:///usr/share/doc/gcc-5/README.Bugs --enable-languages=c,ada,c++,java,go,d,fortran,objc,obj-c++ --prefix=/usr --program-suffix=-5 --enable-shared --enable-linker-build-id --libexecdir=/usr/lib --without-included-gettext --enable-threads=posix --libdir=/usr/lib --enable-nls --with-sysroot=/ --enable-clocale=gnu --enable-libstdcxx-debug --enable-libstdcxx-time=yes --with-default-libstdcxx-abi=new --enable-gnu-unique-object --disable-vtable-verify --enable-libmpx --enable-plugin --with-system-zlib --disable-browser-plugin --enable-java-awt=gtk --enable-gtk-cairo --with-java-home=/usr/lib/jvm/java-1.5.0-gcj-5-amd64/jre --enable-java-home --with-jvm-root-dir=/usr/lib/jvm/java-1.5.0-gcj-5-amd64 --with-jvm-jar-dir=/usr/lib/jvm-exports/java-1.5.0-gcj-5-amd64 --with-arch-directory=amd64 --with-ecj-jar=/usr/share/java/eclipse-ecj.jar --enable-objc-gc --enable-multiarch --disable-werror --with-arch-32=i686 --with-abi=m64 --with-multilib-list=m32,m64,mx32 --enable-multilib --with-tune=generic --enable-checking=release --build=x86_64-linux-gnu --host=x86_64-linux-gnu --target=x86_64-linux-gnu
Thread model: posix
gcc version 5.4.0 20160609 (Ubuntu 5.4.0-6ubuntu1~16.04.4) 
configure:11151: $? = 0
configure:11140: g++ -V >&5
g++: error: unrecognized command line option '-V'
g++: fatal error: no input files
compilation terminated.
configure:11151: $? = 1
configure:11140: g++ -qversion >&5
g++: error: unrecognized command line option '-qversion'
g++: fatal error: no input files
compilation terminated.
configure:11151: $? = 1
configure:11155: checking whether we are using the GNU C++ compiler
configure:11174: g++ -c   conftest.cpp >&5
configure:11174: $? = 0
configure:11183: result: yes
configure:11192: checking whether g++ accepts -g
configure:11212: g++ -c -g  conftest.cpp >&5
configure:11212: $? = 0
configure:11253: result: yes
configure:11294: checking how to run the C++ preprocessor
configure:11321: g++ -E  conftest.cpp
configure:11321: $? = 0
configure:11335: g++ -E  conftest.cpp
conftest.cpp:21:28: fatal error: ac_nonexistent.h: No such file or directory
compilation terminated.
configure:11335: $? = 1
configure: failed program was:
| /* confdefs.h */
| #define PACKAGE_NAME "cmsat"
| #define PACKAGE_TARNAME "cmsat"
| #define PACKAGE_VERSION "2.9.9"
| #define PACKAGE_STRING "cmsat 2.9.9"
| #define PACKAGE_BUGREPORT ""
| #define PACKAGE_URL ""
| #define STDC_HEADERS 1
| #define HAVE_SYS_TYPES_H 1
| #define HAVE_SYS_STAT_H 1
| #define HAVE_STDLIB_H 1
| #define HAVE_STRING_H 1
| #define HAVE_MEMORY_H 1
| #define HAVE_STRINGS_H 1
| #define HAVE_INTTYPES_H 1
| #define HAVE_STDINT_H 1
| #define HAVE_UNISTD_H 1
| #define HAVE_DLFCN_H 1
| #define LT_OBJDIR ".libs/"
| /* end confdefs.h.  */
| #include <ac_nonexistent.h>
configure:11360: result: g++ -E
configure:11380: g++ -E  conftest.cpp
configure:11380: $? = 0
configure:11394: g++ -E  conftest.cpp
conftest.cpp:21:28: fatal error: ac_nonexistent.h: No such file or directory
compilation terminated.
configure:11394: $? = 1
configure: failed program was:
| /* confdefs.h */
| #define PACKAGE_NAME "cmsat"
| #define PACKAGE_TARNAME "cmsat"
| #define PACKAGE_VERSION "2.9.9"
| #define PACKAGE_STRING "cmsat 2.9.9"
| #define PACKAGE_BUGREPORT ""
| #define PACKAGE_URL ""
| #define STDC_HEADERS 1
| #define HAVE_SYS_TYPES_H 1
| #define HAVE_SYS_STAT_H 1
| #define HAVE_STDLIB_H 1
| #define HAVE_STRING_H 1
| #define HAVE_MEMORY_H 1
| #define HAVE_STRINGS_H 1
| #define HAVE_INTTYPES_H 1
| #define HAVE_STDINT_H 1
| #define HAVE_UNISTD_H 1
| #define HAVE_DLFCN_H 1
| #define LT_OBJDIR ".libs/"
| /* end confdefs.h.  */
| #include <ac_nonexistent.h>
configure:11563: checking for ld used by g++
configure:11630: result: /usr/bin/ld -m elf_x86_64
configure:11637: checking if the linker (/usr/bin/ld -m elf_x86_64) is GNU ld
configure:11652: result: yes
configure:11707: checking whether the g++ linker (/usr/bin/ld -m elf_x86_64) supports shared libraries
configure:12712: result: yes
configure:12748: g++ -c -g -O2  conftest.cpp >&5
configure:12751: $? = 0
configure:13271: checking for g++ option to produce PIC
configure:13278: result: -fPIC -DPIC
configure:13286: checking if g++ PIC flag -fPIC -DPIC works
configure:13304: g++ -c -g -O2  -fPIC -DPIC -DPIC conftest.cpp >&5
configure:13308: $? = 0
configure:13321: result: yes
configure:13344: checking if g++ static flag -static works
configure:13372: result: yes
configure:13384: checking if g++ supports -c -o file.o
configure:13405: g++ -c -g -O2  -o out/conftest2.o conftest.cpp >&5
configure:13409: $? = 0
configure:13431: result: yes
configure:13436: checking if g++ supports -c -o file.o
configure:13483: result: yes
configure:13513: checking whether the g++ linker (/usr/bin/ld -m elf_x86_64) supports shared libraries
configure:13552: result: yes
configure:13693: checking dynamic linker characteristics
configure:14372: result: GNU/Linux ld.so
configure:14425: checking how to hardcode library paths into programs
configure:14450: result: immediate
configure:14500: checking for gcc bug number 47365
configure:14606: g++ -o conftest -g -O3 -Wall -pedantic   conftest.cpp  >&5
configure:14606: $? = 0
configure:14606: ./conftest
configure:14606: $? = 0
configure:14617: result: no
configure:14621: result: Your gcc version doesn't _seem_ broken
configure:14630: checking static linking
configure:14639: result: no
configure:14661: checking for a BSD-compatible install
configure:14729: result: /usr/bin/install -c
configure:14740: checking whether build environment is sane
configure:14790: result: yes
configure:14931: checking for a thread-safe mkdir -p
configure:14970: result: /bin/mkdir -p
configure:14979: checking whether make sets $(MAKE)
configure:15001: result: yes
configure:15031: checking for style of include used by make
configure:15059: result: GNU
configure:15145: checking dependency style of gcc
configure:15256: result: gcc3
configure:15273: checking dependency style of g++
configure:15384: result: gcc3
configure:15406: checking iostream usability
configure:15406: g++ -c -g -O3 -Wall -pedantic  conftest.cpp >&5
configure:15406: $? = 0
configure:15406: result: yes
configure:15406: checking iostream presence
configure:15406: g++ -E  conftest.cpp
configure:15406: $? = 0
configure:15406: result: yes
configure:15406: checking for iostream
configure:15406: result: yes
configure:15422: checking size of int
configure:15427: g++ -o conftest -g -O3 -Wall -pedantic   conftest.cpp  >&5
configure:15427: $? = 0
configure:15427: ./conftest
configure:15427: $? = 0
configure:15441: result: 4
configure:15455: checking size of long
configure:15460: g++ -o conftest -g -O3 -Wall -pedantic   conftest.cpp  >&5
configure:15460: $? = 0
configure:15460: ./conftest
configure:15460: $? = 0
configure:15474: result: 8
configure:15488: checking size of size_t
configure:15493: g++ -o conftest -g -O3 -Wall -pedantic   conftest.cpp  >&5
configure:15493: $? = 0
configure:15493: ./conftest
configure:15493: $? = 0
configure:15507: result: 8
configure:15536: checking for g++ option to support OpenMP
configure:15551: g++ -o conftest -g -O3 -Wall -pedantic   conftest.cpp  >&5
conftest.cpp:30:2: error: 'choke' does not name a type
  choke me
  ^
In file included from conftest.cpp:32:0:
/usr/lib/gcc/x86_64-linux-gnu/5/include/omp.h:39:3: error: 'omp_lock_t' does not name a type
 } omp_lock_t;
   ^
/usr/lib/gcc/x86_64-linux-gnu/5/include/omp.h:91:28: error: variable or field 'omp_init_lock' declared void
 extern void omp_init_lock (omp_lock_t *) __GOMP_NOTHROW;
                            ^
/usr/lib/gcc/x86_64-linux-gnu/5/include/omp.h:91:28: error: 'omp_lock_t' was not declared in this scope
/usr/lib/gcc/x86_64-linux-gnu/5/include/omp.h:91:40: error: expected primary-expression before ')' token
 extern void omp_init_lock (omp_lock_t *) __GOMP_NOTHROW;
                                        ^
/usr/lib/gcc/x86_64-linux-gnu/5/include/omp.h:92:31: error: variable or field 'omp_destroy_lock' declared void
 extern void omp_destroy_lock (omp_lock_t *) __GOMP_NOTHROW;
                               ^
/usr/lib/gcc/x86_64-linux-gnu/5/include/omp.h:92:31: error: 'omp_lock_t' was not declared in this scope
/usr/lib/gcc/x86_64-linux-gnu/5/include/omp.h:92:43: error: expected primary-expression before ')' token
 extern void omp_destroy_lock (omp_lock_t *) __GOMP_NOTHROW;
                                           ^
/usr/lib/gcc/x86_64-linux-gnu/5/include/omp.h:93:27: error: variable or field 'omp_set_lock' declared void
 extern void omp_set_lock (omp_lock_t *) __GOMP_NOTHROW;
                           ^
/usr/lib/gcc/x86_64-linux-gnu/5/include/omp.h:93:27: error: 'omp_lock_t' was not declared in this scope
/usr/lib/gcc/x86_64-linux-gnu/5/include/omp.h:93:39: error: expected primary-expression before ')' token
 extern void omp_set_lock (omp_lock_t *) __GOMP_NOTHROW;
                                       ^
/usr/lib/gcc/x86_64-linux-gnu/5/include/omp.h:94:29: error: variable or field 'omp_unset_lock' declared void
 extern void omp_unset_lock (omp_lock_t *) __GOMP_NOTHROW;
                             ^
/usr/lib/gcc/x86_64-linux-gnu/5/include/omp.h:94:29: error: 'omp_lock_t' was not declared in this scope
/usr/lib/gcc/x86_64-linux-gnu/5/include/omp.h:94:41: error: expected primary-expression before ')' token
 extern void omp_unset_lock (omp_lock_t *) __GOMP_NOTHROW;
                                         ^
/usr/lib/gcc/x86_64-linux-gnu/5/include/omp.h:95:27: error: 'omp_lock_t' was not declared in this scope
 extern int omp_test_lock (omp_lock_t *) __GOMP_NOTHROW;
                           ^
/usr/lib/gcc/x86_64-linux-gnu/5/include/omp.h:95:39: error: expected primary-expression before ')' token
 extern int omp_test_lock (omp_lock_t *) __GOMP_NOTHROW;
                                       ^
/usr/lib/gcc/x86_64-linux-gnu/5/include/omp.h:95:41: error: expected ',' or ';' before 'throw'
 extern int omp_test_lock (omp_lock_t *) __GOMP_NOTHROW;
                                         ^
configure:15551: $? = 1
configure: failed program was:
| /* confdefs.h */
| #define PACKAGE_NAME "cmsat"
| #define PACKAGE_TARNAME "cmsat"
| #define PACKAGE_VERSION "2.9.9"
| #define PACKAGE_STRING "cmsat 2.9.9"
| #define PACKAGE_BUGREPORT ""
| #define PACKAGE_URL ""
| #define STDC_HEADERS 1
| #define HAVE_SYS_TYPES_H 1
| #define HAVE_SYS_STAT_H 1
| #define HAVE_STDLIB_H 1
| #define HAVE_STRING_H 1
| #define HAVE_MEMORY_H 1
| #define HAVE_STRINGS_H 1
| #define HAVE_INTTYPES_H 1
| #define HAVE_STDINT_H 1
| #define HAVE_UNISTD_H 1
| #define HAVE_DLFCN_H 1
| #define LT_OBJDIR ".libs/"
| #define PACKAGE "cmsat"
| #define VERSION "2.9.9"
| #define HAVE_IOSTREAM 1
| #define SIZEOF_INT 4
| #define SIZEOF_LONG 8
| #define SIZEOF_SIZE_T 8
| #define USE_GAUSS 1
| /* end confdefs.h.  */
| 
| #ifndef _OPENMP
|  choke me
| #endif
| #include <omp.h>
| int main () { return omp_get_num_threads (); }
| 
configure:15569: g++ -o conftest -g -O3 -Wall -pedantic -fopenmp   conftest.cpp  >&5
configure:15569: $? = 0
configure:15583: result: -fopenmp
configure:15596: checking for gzread in -lz
configure:15621: g++ -o conftest -g -O3 -Wall -pedantic   conftest.cpp -lz   >&5
configure:15621: $? = 0
configure:15630: result: yes
configure:15785: creating ./config.status

## ---------------------- ##
## Running config.status. ##
## ---------------------- ##

This file was extended by cmsat config.status 2.9.9, which was
generated by GNU Autoconf 2.69.  Invocation command line was

  CONFIG_FILES    = 
  CONFIG_HEADERS  = 
  CONFIG_LINKS    = 
  CONFIG_COMMANDS = 
  $ ./config.status 

on ubuntu

config.status:1148: creating Makefile
config.status:1148: creating cmsat/Makefile
config.status:1148: creating man/Makefile
config.status:1148: creating config.h
config.status:1362: executing libtool commands
config.status:1362: executing depfiles commands

## ---------------- ##
## Cache variables. ##
## ---------------- ##

ac_cv_build=x86_64-unknown-linux-gnu
ac_cv_c_compiler_gnu=yes
ac_cv_cxx_compiler_gnu=yes
ac_cv_env_CCC_set=
ac_cv_env_CCC_value=
ac_cv_env_CC_set=
ac_cv_env_CC_value=
ac_cv_env_CFLAGS_set=
ac_cv_env_CFLAGS_value=
ac_cv_env_CPPFLAGS_set=
ac_cv_env_CPPFLAGS_value=
ac_cv_env_CPP_set=
ac_cv_env_CPP_value=
ac_cv_env_CXXCPP_set=
ac_cv_env_CXXCPP_value=
ac_cv_env_CXXFLAGS_set=
ac_cv_env_CXXFLAGS_value=
ac_cv_env_CXX_set=
ac_cv_env_CXX_value=
ac_cv_env_LDFLAGS_set=
ac_cv_env_LDFLAGS_value=
ac_cv_env_LIBS_set=
ac_cv_env_LIBS_value=
ac_cv_env_build_alias_set=
ac_cv_env_build_alias_value=
ac_cv_env_host_alias_set=
ac_cv_env_host_alias_value=
ac_cv_env_target_alias_set=
ac_cv_env_target_alias_value=
ac_cv_header_dlfcn_h=yes
ac_cv_header_inttypes_h=yes
ac_cv_header_iostream=yes
ac_cv_header_memory_h=yes
ac_cv_header_stdc=yes
ac_cv_header_stdint_h=yes
ac_cv_header_stdlib_h=yes
ac_cv_header_string_h=yes
ac_cv_header_strings_h=yes
ac_cv_header_sys_stat_h=yes
ac_cv_header_sys_types_h=yes
ac_cv_header_unistd_h=yes
ac_cv_host=x86_64-unknown-linux-gnu
ac_cv_lib_z_gzread=yes
ac_cv_objext=o
ac_cv_path_EGREP='/bin/grep -E'
ac_cv_path_FGREP='/bin/grep -F'
ac_cv_path_GREP=/bin/grep
ac_cv_path_SED=/bin/sed
ac_cv_path_install='/usr/bin/install -c'
ac_cv_path_mkdir=/bin/mkdir
ac_cv_prog_AWK=mawk
ac_cv_prog_CPP='gcc -E'
ac_cv_prog_CXXCPP='g++ -E'
ac_cv_prog_ac_ct_AR=ar
ac_cv_prog_ac_ct_CC=gcc
ac_cv_prog_ac_ct_CXX=g++
ac_cv_prog_ac_ct_MANIFEST_TOOL=mt
ac_cv_prog_ac_ct_OBJDUMP=objdump
ac_cv_prog_ac_ct_RANLIB=ranlib
ac_cv_prog_ac_ct_STRIP=strip
ac_cv_prog_cc_c89=
ac_cv_prog_cc_g=yes
ac_cv_prog_cxx_g=yes
ac_cv_prog_cxx_openmp=-fopenmp
ac_cv_prog_make_make_set=yes
ac_cv_sizeof_int=4
ac_cv_sizeof_long=8
ac_cv_sizeof_size_t=8
am_cv_CC_dependencies_compiler_type=gcc3
am_cv_CXX_dependencies_compiler_type=gcc3
fpre_cv_bug=no
lt_cv_ar_at_file=@
lt_cv_archive_cmds_need_lc=no
lt_cv_deplibs_check_method=pass_all
lt_cv_file_magic_cmd='$MAGIC_CMD'
lt_cv_file_magic_test_file=
lt_cv_ld_reload_flag=-r
lt_cv_nm_interface='BSD nm'
lt_cv_objdir=.libs
lt_cv_path_LD=/usr/bin/ld
lt_cv_path_LDCXX='/usr/bin/ld -m elf_x86_64'
lt_cv_path_NM='/usr/bin/nm -B'
lt_cv_path_mainfest_tool=no
lt_cv_prog_compiler_c_o=yes
lt_cv_prog_compiler_c_o_CXX=yes
lt_cv_prog_compiler_pic='-fPIC -DPIC'
lt_cv_prog_compiler_pic_CXX='-fPIC -DPIC'
lt_cv_prog_compiler_pic_works=yes
lt_cv_prog_compiler_pic_works_CXX=yes
lt_cv_prog_compiler_rtti_exceptions=no
lt_cv_prog_compiler_static_works=yes
lt_cv_prog_compiler_static_works_CXX=yes
lt_cv_prog_gnu_ld=yes
lt_cv_prog_gnu_ldcxx=yes
lt_cv_sharedlib_from_linklib_cmd='printf %s\n'
lt_cv_shlibpath_overrides_runpath=no
lt_cv_sys_global_symbol_pipe='sed -n -e '\''s/^.*[	 ]\([ABCDGIRSTW][ABCDGIRSTW]*\)[	 ][	 ]*\([_A-Za-z][_A-Za-z0-9]*\)$/\1 \2 \2/p'\'' | sed '\''/ __gnu_lto/d'\'''
lt_cv_sys_global_symbol_to_c_name_address='sed -n -e '\''s/^: \([^ ]*\)[ ]*$/  {\"\1\", (void *) 0},/p'\'' -e '\''s/^[ABCDGIRSTW]* \([^ ]*\) \([^ ]*\)$/  {"\2", (void *) \&\2},/p'\'''
lt_cv_sys_global_symbol_to_c_name_address_lib_prefix='sed -n -e '\''s/^: \([^ ]*\)[ ]*$/  {\"\1\", (void *) 0},/p'\'' -e '\''s/^[ABCDGIRSTW]* \([^ ]*\) \(lib[^ ]*\)$/  {"\2", (void *) \&\2},/p'\'' -e '\''s/^[ABCDGIRSTW]* \([^ ]*\) \([^ ]*\)$/  {"lib\2", (void *) \&\2},/p'\'''
lt_cv_sys_global_symbol_to_cdecl='sed -n -e '\''s/^T .* \(.*\)$/extern int \1();/p'\'' -e '\''s/^[ABCDGIRSTW]* .* \(.*\)$/extern char \1;/p'\'''
lt_cv_sys_max_cmd_len=1572864
lt_cv_to_host_file_cmd=func_convert_file_noop
lt_cv_to_tool_file_cmd=func_convert_file_noop

## ----------------- ##
## Output variables. ##
## ----------------- ##

ACLOCAL='${SHELL} /home/ruifeng/SAT_Attack/spramod-host15-logic-encryption-ef7f65f57d8e/source/cmsat-2.9.9/missing --run aclocal-1.11'
AMDEPBACKSLASH='\'
AMDEP_FALSE='#'
AMDEP_TRUE=''
AMTAR='$${TAR-tar}'
AR='ar'
AUTOCONF='${SHELL} /home/ruifeng/SAT_Attack/spramod-host15-logic-encryption-ef7f65f57d8e/source/cmsat-2.9.9/missing --run autoconf'
AUTOHEADER='${SHELL} /home/ruifeng/SAT_Attack/spramod-host15-logic-encryption-ef7f65f57d8e/source/cmsat-2.9.9/missing --run autoheader'
AUTOMAKE='${SHELL} /home/ruifeng/SAT_Attack/spramod-host15-logic-encryption-ef7f65f57d8e/source/cmsat-2.9.9/missing --run automake-1.11'
AWK='mawk'
CC='gcc'
CCDEPMODE='depmode=gcc3'
CFLAGS='-g -O2'
CPP='gcc -E'
CPPFLAGS=''
CXX='g++'
CXXCPP='g++ -E'
CXXDEPMODE='depmode=gcc3'
CXXFLAGS='-g -O3 -Wall -pedantic'
CYGPATH_W='echo'
DEFS='-DHAVE_CONFIG_H'
DEPDIR='.deps'
DLLTOOL='false'
DSYMUTIL=''
DUMPBIN=''
ECHO_C=''
ECHO_N='-n'
ECHO_T=''
EGREP='/bin/grep -E'
EXEEXT=''
FGREP='/bin/grep -F'
GREP='/bin/grep'
INSTALL_DATA='${INSTALL} -m 644'
INSTALL_PROGRAM='${INSTALL}'
INSTALL_SCRIPT='${INSTALL}'
INSTALL_STRIP_PROGRAM='$(install_sh) -c -s'
LD='/usr/bin/ld -m elf_x86_64'
LDFLAGS=''
LIBOBJS=''
LIBS='-lz '
LIBTOOL='$(SHELL) $(top_builddir)/libtool'
LIPO=''
LN_S='ln -s'
LTLIBOBJS=''
MAKEINFO='${SHELL} /home/ruifeng/SAT_Attack/spramod-host15-logic-encryption-ef7f65f57d8e/source/cmsat-2.9.9/missing --run makeinfo'
MANIFEST_TOOL=':'
MKDIR_P='/bin/mkdir -p'
NM='/usr/bin/nm -B'
NMEDIT=''
OBJDUMP='objdump'
OBJEXT='o'
OPENMP_CXXFLAGS='-fopenmp'
OTOOL64=''
OTOOL=''
PACKAGE='cmsat'
PACKAGE_BUGREPORT=''
PACKAGE_NAME='cmsat'
PACKAGE_STRING='cmsat 2.9.9'
PACKAGE_TARNAME='cmsat'
PACKAGE_URL=''
PACKAGE_VERSION='2.9.9'
PATH_SEPARATOR=':'
RANLIB='ranlib'
SED='/bin/sed'
SET_MAKE=''
SHELL='/bin/bash'
STRIP='strip'
VERSION='2.9.9'
ac_ct_AR='ar'
ac_ct_CC='gcc'
ac_ct_CXX='g++'
ac_ct_DUMPBIN=''
am__EXEEXT_FALSE=''
am__EXEEXT_TRUE='#'
am__fastdepCC_FALSE='#'
am__fastdepCC_TRUE=''
am__fastdepCXX_FALSE='#'
am__fastdepCXX_TRUE=''
am__include='include'
am__isrc=' -I$(srcdir)'
am__leading_dot='.'
am__nodep='_no'
am__quote=''
am__tar='$${TAR-tar} chof - "$$tardir"'
am__untar='$${TAR-tar} xf -'
bindir='${exec_prefix}/bin'
build='x86_64-unknown-linux-gnu'
build_alias=''
build_cpu='x86_64'
build_os='linux-gnu'
build_vendor='unknown'
datadir='${datarootdir}'
datarootdir='${prefix}/share'
docdir='${datarootdir}/doc/${PACKAGE_TARNAME}'
dvidir='${docdir}'
exec_prefix='${prefix}'
host='x86_64-unknown-linux-gnu'
host_alias=''
host_cpu='x86_64'
host_os='linux-gnu'
host_vendor='unknown'
htmldir='${docdir}'
includedir='${prefix}/include'
infodir='${datarootdir}/info'
install_sh='${SHELL} /home/ruifeng/SAT_Attack/spramod-host15-logic-encryption-ef7f65f57d8e/source/cmsat-2.9.9/install-sh'
libdir='${exec_prefix}/lib'
libexecdir='${exec_prefix}/libexec'
localedir='${datarootdir}/locale'
localstatedir='${prefix}/var'
mandir='${datarootdir}/man'
mkdir_p='/bin/mkdir -p'
oldincludedir='/usr/include'
pdfdir='${docdir}'
prefix='/usr/local'
program_transform_name='s,x,x,'
psdir='${docdir}'
sbindir='${exec_prefix}/sbin'
sharedstatedir='${prefix}/com'
sysconfdir='${prefix}/etc'
target_alias=''

## ----------- ##
## confdefs.h. ##
## ----------- ##

/* confdefs.h */
#define PACKAGE_NAME "cmsat"
#define PACKAGE_TARNAME "cmsat"
#define PACKAGE_VERSION "2.9.9"
#define PACKAGE_STRING "cmsat 2.9.9"
#define PACKAGE_BUGREPORT ""
#define PACKAGE_URL ""
#define STDC_HEADERS 1
#define HAVE_SYS_TYPES_H 1
#define HAVE_SYS_STAT_H 1
#define HAVE_STDLIB_H 1
#define HAVE_STRING_H 1
#define HAVE_MEMORY_H 1
#define HAVE_STRINGS_H 1
#define HAVE_INTTYPES_H 1
#define HAVE_STDINT_H 1
#define HAVE_UNISTD_H 1
#define HAVE_DLFCN_H 1
#define LT_OBJDIR ".libs/"
#define PACKAGE "cmsat"
#define VERSION "2.9.9"
#define HAVE_IOSTREAM 1
#define SIZEOF_INT 4
#define SIZEOF_LONG 8
#define SIZEOF_SIZE_T 8
#define USE_GAUSS 1
#define HAVE_LIBZ 1

configure: exit 0
